[21-Oct-2019 00:51:38 UTC] PHP Parse error:  syntax error, unexpected '$count' (T_VARIABLE), expecting ',' or ';' in /Users/bird/Local Sites/pigeon-university/app/public/wp-content/themes/pigeon-university-theme/index.php on line 7
[21-Oct-2019 00:53:50 UTC] PHP Parse error:  syntax error, unexpected '++' (T_INC) in /Users/bird/Local Sites/pigeon-university/app/public/wp-content/themes/pigeon-university-theme/index.php on line 6
[24-Oct-2019 00:58:39 UTC] PHP Parse error:  syntax error, unexpected 'while' (T_WHILE) in /Users/bird/Local Sites/pigeon-university/app/public/wp-content/themes/pigeon-university-theme/index.php on line 4
[24-Oct-2019 01:01:01 UTC] PHP Parse error:  syntax error, unexpected 'while' (T_WHILE) in /Users/bird/Local Sites/pigeon-university/app/public/wp-content/themes/pigeon-university-theme/single.php on line 4
[24-Oct-2019 01:10:36 UTC] PHP Parse error:  syntax error, unexpected '}' in /Users/bird/Local Sites/pigeon-university/app/public/wp-content/themes/pigeon-university-theme/functions.php on line 5
[26-Oct-2019 01:13:40 UTC] PHP Parse error:  syntax error, unexpected 'wp_enqueue_style' (T_STRING) in /Users/bird/Local Sites/pigeon-university/app/public/wp-content/themes/pigeon-university-theme/functions.php on line 5
[26-Oct-2019 01:18:41 UTC] PHP Parse error:  syntax error, unexpected 'get_footer' (T_STRING) in /Users/bird/Local Sites/pigeon-university/app/public/wp-content/themes/pigeon-university-theme/index.php on line 106
[26-Oct-2019 01:23:31 UTC] PHP Parse error:  syntax error, unexpected '?>', expecting ')' in /Users/bird/Local Sites/pigeon-university/app/public/wp-content/themes/pigeon-university-theme/index.php on line 5
[26-Oct-2019 01:23:42 UTC] PHP Parse error:  syntax error, unexpected ';', expecting ')' in /Users/bird/Local Sites/pigeon-university/app/public/wp-content/themes/pigeon-university-theme/index.php on line 5
[26-Oct-2019 01:23:58 UTC] PHP Parse error:  syntax error, unexpected '?>', expecting ')' in /Users/bird/Local Sites/pigeon-university/app/public/wp-content/themes/pigeon-university-theme/index.php on line 5
[26-Oct-2019 01:24:13 UTC] PHP Parse error:  syntax error, unexpected ')', expecting ',' or ';' in /Users/bird/Local Sites/pigeon-university/app/public/wp-content/themes/pigeon-university-theme/index.php on line 5
[26-Oct-2019 01:26:29 UTC] PHP Parse error:  syntax error, unexpected ')', expecting ',' or ';' in /Users/bird/Local Sites/pigeon-university/app/public/wp-content/themes/pigeon-university-theme/index.php on line 75
[26-Oct-2019 01:26:48 UTC] PHP Parse error:  syntax error, unexpected ')', expecting end of file in /Users/bird/Local Sites/pigeon-university/app/public/wp-content/themes/pigeon-university-theme/index.php on line 75
[26-Oct-2019 01:27:36 UTC] PHP Warning:  Use of undefined constant images - assumed 'images' (this will throw an Error in a future version of PHP) in /Users/bird/Local Sites/pigeon-university/app/public/wp-content/themes/pigeon-university-theme/index.php on line 75
[26-Oct-2019 01:27:36 UTC] PHP Stack trace:
[26-Oct-2019 01:27:36 UTC] PHP   1. {main}() /Users/bird/Local Sites/pigeon-university/app/public/index.php:0
[26-Oct-2019 01:27:36 UTC] PHP   2. require() /Users/bird/Local Sites/pigeon-university/app/public/index.php:17
[26-Oct-2019 01:27:36 UTC] PHP   3. require_once() /Users/bird/Local Sites/pigeon-university/app/public/wp-blog-header.php:19
[26-Oct-2019 01:27:36 UTC] PHP   4. include() /Users/bird/Local Sites/pigeon-university/app/public/wp-includes/template-loader.php:78
[26-Oct-2019 01:27:36 UTC] PHP Warning:  Use of undefined constant bus - assumed 'bus' (this will throw an Error in a future version of PHP) in /Users/bird/Local Sites/pigeon-university/app/public/wp-content/themes/pigeon-university-theme/index.php on line 75
[26-Oct-2019 01:27:36 UTC] PHP Stack trace:
[26-Oct-2019 01:27:36 UTC] PHP   1. {main}() /Users/bird/Local Sites/pigeon-university/app/public/index.php:0
[26-Oct-2019 01:27:36 UTC] PHP   2. require() /Users/bird/Local Sites/pigeon-university/app/public/index.php:17
[26-Oct-2019 01:27:36 UTC] PHP   3. require_once() /Users/bird/Local Sites/pigeon-university/app/public/wp-blog-header.php:19
[26-Oct-2019 01:27:36 UTC] PHP   4. include() /Users/bird/Local Sites/pigeon-university/app/public/wp-includes/template-loader.php:78
[26-Oct-2019 01:27:36 UTC] PHP Warning:  A non-numeric value encountered in /Users/bird/Local Sites/pigeon-university/app/public/wp-content/themes/pigeon-university-theme/index.php on line 75
[26-Oct-2019 01:27:36 UTC] PHP Stack trace:
[26-Oct-2019 01:27:36 UTC] PHP   1. {main}() /Users/bird/Local Sites/pigeon-university/app/public/index.php:0
[26-Oct-2019 01:27:36 UTC] PHP   2. require() /Users/bird/Local Sites/pigeon-university/app/public/index.php:17
[26-Oct-2019 01:27:36 UTC] PHP   3. require_once() /Users/bird/Local Sites/pigeon-university/app/public/wp-blog-header.php:19
[26-Oct-2019 01:27:36 UTC] PHP   4. include() /Users/bird/Local Sites/pigeon-university/app/public/wp-includes/template-loader.php:78
[26-Oct-2019 01:27:36 UTC] PHP Warning:  A non-numeric value encountered in /Users/bird/Local Sites/pigeon-university/app/public/wp-content/themes/pigeon-university-theme/index.php on line 75
[26-Oct-2019 01:27:36 UTC] PHP Stack trace:
[26-Oct-2019 01:27:36 UTC] PHP   1. {main}() /Users/bird/Local Sites/pigeon-university/app/public/index.php:0
[26-Oct-2019 01:27:36 UTC] PHP   2. require() /Users/bird/Local Sites/pigeon-university/app/public/index.php:17
[26-Oct-2019 01:27:36 UTC] PHP   3. require_once() /Users/bird/Local Sites/pigeon-university/app/public/wp-blog-header.php:19
[26-Oct-2019 01:27:36 UTC] PHP   4. include() /Users/bird/Local Sites/pigeon-university/app/public/wp-includes/template-loader.php:78
[26-Oct-2019 01:27:36 UTC] PHP Warning:  Division by zero in /Users/bird/Local Sites/pigeon-university/app/public/wp-content/themes/pigeon-university-theme/index.php on line 75
[26-Oct-2019 01:27:36 UTC] PHP Stack trace:
[26-Oct-2019 01:27:36 UTC] PHP   1. {main}() /Users/bird/Local Sites/pigeon-university/app/public/index.php:0
[26-Oct-2019 01:27:36 UTC] PHP   2. require() /Users/bird/Local Sites/pigeon-university/app/public/index.php:17
[26-Oct-2019 01:27:36 UTC] PHP   3. require_once() /Users/bird/Local Sites/pigeon-university/app/public/wp-blog-header.php:19
[26-Oct-2019 01:27:36 UTC] PHP   4. include() /Users/bird/Local Sites/pigeon-university/app/public/wp-includes/template-loader.php:78
[26-Oct-2019 01:27:36 UTC] PHP Warning:  Use of undefined constant jpg - assumed 'jpg' (this will throw an Error in a future version of PHP) in /Users/bird/Local Sites/pigeon-university/app/public/wp-content/themes/pigeon-university-theme/index.php on line 75
[26-Oct-2019 01:27:36 UTC] PHP Stack trace:
[26-Oct-2019 01:27:36 UTC] PHP   1. {main}() /Users/bird/Local Sites/pigeon-university/app/public/index.php:0
[26-Oct-2019 01:27:36 UTC] PHP   2. require() /Users/bird/Local Sites/pigeon-university/app/public/index.php:17
[26-Oct-2019 01:27:36 UTC] PHP   3. require_once() /Users/bird/Local Sites/pigeon-university/app/public/wp-blog-header.php:19
[26-Oct-2019 01:27:36 UTC] PHP   4. include() /Users/bird/Local Sites/pigeon-university/app/public/wp-includes/template-loader.php:78
[26-Oct-2019 01:28:04 UTC] PHP Warning:  Use of undefined constant images - assumed 'images' (this will throw an Error in a future version of PHP) in /Users/bird/Local Sites/pigeon-university/app/public/wp-content/themes/pigeon-university-theme/index.php on line 75
[26-Oct-2019 01:28:04 UTC] PHP Stack trace:
[26-Oct-2019 01:28:04 UTC] PHP   1. {main}() /Users/bird/Local Sites/pigeon-university/app/public/index.php:0
[26-Oct-2019 01:28:04 UTC] PHP   2. require() /Users/bird/Local Sites/pigeon-university/app/public/index.php:17
[26-Oct-2019 01:28:04 UTC] PHP   3. require_once() /Users/bird/Local Sites/pigeon-university/app/public/wp-blog-header.php:19
[26-Oct-2019 01:28:04 UTC] PHP   4. include() /Users/bird/Local Sites/pigeon-university/app/public/wp-includes/template-loader.php:78
[26-Oct-2019 01:28:04 UTC] PHP Warning:  Use of undefined constant bus - assumed 'bus' (this will throw an Error in a future version of PHP) in /Users/bird/Local Sites/pigeon-university/app/public/wp-content/themes/pigeon-university-theme/index.php on line 75
[26-Oct-2019 01:28:04 UTC] PHP Stack trace:
[26-Oct-2019 01:28:04 UTC] PHP   1. {main}() /Users/bird/Local Sites/pigeon-university/app/public/index.php:0
[26-Oct-2019 01:28:04 UTC] PHP   2. require() /Users/bird/Local Sites/pigeon-university/app/public/index.php:17
[26-Oct-2019 01:28:04 UTC] PHP   3. require_once() /Users/bird/Local Sites/pigeon-university/app/public/wp-blog-header.php:19
[26-Oct-2019 01:28:04 UTC] PHP   4. include() /Users/bird/Local Sites/pigeon-university/app/public/wp-includes/template-loader.php:78
[26-Oct-2019 01:28:04 UTC] PHP Warning:  A non-numeric value encountered in /Users/bird/Local Sites/pigeon-university/app/public/wp-content/themes/pigeon-university-theme/index.php on line 75
[26-Oct-2019 01:28:04 UTC] PHP Stack trace:
[26-Oct-2019 01:28:04 UTC] PHP   1. {main}() /Users/bird/Local Sites/pigeon-university/app/public/index.php:0
[26-Oct-2019 01:28:04 UTC] PHP   2. require() /Users/bird/Local Sites/pigeon-university/app/public/index.php:17
[26-Oct-2019 01:28:04 UTC] PHP   3. require_once() /Users/bird/Local Sites/pigeon-university/app/public/wp-blog-header.php:19
[26-Oct-2019 01:28:04 UTC] PHP   4. include() /Users/bird/Local Sites/pigeon-university/app/public/wp-includes/template-loader.php:78
[26-Oct-2019 01:28:04 UTC] PHP Warning:  A non-numeric value encountered in /Users/bird/Local Sites/pigeon-university/app/public/wp-content/themes/pigeon-university-theme/index.php on line 75
[26-Oct-2019 01:28:04 UTC] PHP Stack trace:
[26-Oct-2019 01:28:04 UTC] PHP   1. {main}() /Users/bird/Local Sites/pigeon-university/app/public/index.php:0
[26-Oct-2019 01:28:04 UTC] PHP   2. require() /Users/bird/Local Sites/pigeon-university/app/public/index.php:17
[26-Oct-2019 01:28:04 UTC] PHP   3. require_once() /Users/bird/Local Sites/pigeon-university/app/public/wp-blog-header.php:19
[26-Oct-2019 01:28:04 UTC] PHP   4. include() /Users/bird/Local Sites/pigeon-university/app/public/wp-includes/template-loader.php:78
[26-Oct-2019 01:28:04 UTC] PHP Warning:  Division by zero in /Users/bird/Local Sites/pigeon-university/app/public/wp-content/themes/pigeon-university-theme/index.php on line 75
[26-Oct-2019 01:28:04 UTC] PHP Stack trace:
[26-Oct-2019 01:28:04 UTC] PHP   1. {main}() /Users/bird/Local Sites/pigeon-university/app/public/index.php:0
[26-Oct-2019 01:28:04 UTC] PHP   2. require() /Users/bird/Local Sites/pigeon-university/app/public/index.php:17
[26-Oct-2019 01:28:04 UTC] PHP   3. require_once() /Users/bird/Local Sites/pigeon-university/app/public/wp-blog-header.php:19
[26-Oct-2019 01:28:04 UTC] PHP   4. include() /Users/bird/Local Sites/pigeon-university/app/public/wp-includes/template-loader.php:78
[26-Oct-2019 01:28:04 UTC] PHP Warning:  Use of undefined constant jpg - assumed 'jpg' (this will throw an Error in a future version of PHP) in /Users/bird/Local Sites/pigeon-university/app/public/wp-content/themes/pigeon-university-theme/index.php on line 75
[26-Oct-2019 01:28:04 UTC] PHP Stack trace:
[26-Oct-2019 01:28:04 UTC] PHP   1. {main}() /Users/bird/Local Sites/pigeon-university/app/public/index.php:0
[26-Oct-2019 01:28:04 UTC] PHP   2. require() /Users/bird/Local Sites/pigeon-university/app/public/index.php:17
[26-Oct-2019 01:28:04 UTC] PHP   3. require_once() /Users/bird/Local Sites/pigeon-university/app/public/wp-blog-header.php:19
[26-Oct-2019 01:28:04 UTC] PHP   4. include() /Users/bird/Local Sites/pigeon-university/app/public/wp-includes/template-loader.php:78
[26-Oct-2019 01:28:38 UTC] PHP Parse error:  syntax error, unexpected '/' in /Users/bird/Local Sites/pigeon-university/app/public/wp-content/themes/pigeon-university-theme/index.php on line 75
[26-Oct-2019 01:33:10 UTC] PHP Parse error:  syntax error, unexpected ''), NULL, '' (T_CONSTANT_ENCAPSED_STRING), expecting ')' in /Users/bird/Local Sites/pigeon-university/app/public/wp-content/themes/pigeon-university-theme/functions.php on line 4
[26-Oct-2019 01:33:43 UTC] PHP Parse error:  syntax error, unexpected '')'' (T_CONSTANT_ENCAPSED_STRING), expecting ')' in /Users/bird/Local Sites/pigeon-university/app/public/wp-content/themes/pigeon-university-theme/functions.php on line 4
[27-Oct-2019 23:13:57 UTC] PHP Fatal error:  Uncaught ArgumentCountError: Too few arguments to function wp_get_post_parent_id(), 0 passed in /Users/bird/Local Sites/pigeon-university/app/public/wp-content/themes/pigeon-university-theme/page.php on line 18 and exactly 1 expected in /Users/bird/Local Sites/pigeon-university/app/public/wp-includes/post.php:6595
Stack trace:
#0 /Users/bird/Local Sites/pigeon-university/app/public/wp-content/themes/pigeon-university-theme/page.php(18): wp_get_post_parent_id()
#1 /Users/bird/Local Sites/pigeon-university/app/public/wp-includes/template-loader.php(78): include('/Users/bird/Loc...')
#2 /Users/bird/Local Sites/pigeon-university/app/public/wp-blog-header.php(19): require_once('/Users/bird/Loc...')
#3 /Users/bird/Local Sites/pigeon-university/app/public/index.php(17): require('/Users/bird/Loc...')
#4 {main}
  thrown in /Users/bird/Local Sites/pigeon-university/app/public/wp-includes/post.php on line 6595
[27-Oct-2019 23:14:10 UTC] PHP Fatal error:  Uncaught ArgumentCountError: Too few arguments to function wp_get_post_parent_id(), 0 passed in /Users/bird/Local Sites/pigeon-university/app/public/wp-content/themes/pigeon-university-theme/page.php on line 18 and exactly 1 expected in /Users/bird/Local Sites/pigeon-university/app/public/wp-includes/post.php:6595
Stack trace:
#0 /Users/bird/Local Sites/pigeon-university/app/public/wp-content/themes/pigeon-university-theme/page.php(18): wp_get_post_parent_id()
#1 /Users/bird/Local Sites/pigeon-university/app/public/wp-includes/template-loader.php(78): include('/Users/bird/Loc...')
#2 /Users/bird/Local Sites/pigeon-university/app/public/wp-blog-header.php(19): require_once('/Users/bird/Loc...')
#3 /Users/bird/Local Sites/pigeon-university/app/public/index.php(17): require('/Users/bird/Loc...')
#4 {main}
  thrown in /Users/bird/Local Sites/pigeon-university/app/public/wp-includes/post.php on line 6595
[27-Oct-2019 23:36:01 UTC] PHP Parse error:  syntax error, unexpected 'if' (T_IF) in /Users/bird/Local Sites/pigeon-university/app/public/wp-content/themes/pigeon-university-theme/page.php on line 19
[03-Nov-2019 22:19:42 UTC] PHP Parse error:  syntax error, unexpected '/' in /Users/bird/Local Sites/pigeon-university/app/public/wp-content/themes/pigeon-university-theme/single.php on line 18
[07-Nov-2019 02:25:06 UTC] PHP Parse error:  syntax error, unexpected ')' in /Users/bird/Local Sites/pigeon-university/app/public/wp-content/themes/pigeon-university-theme/functions.php on line 29
