[20-Oct-2019 18:55:00] NOTICE: fpm is running, pid 36756
[20-Oct-2019 18:55:00] NOTICE: ready to handle connections
[30-Oct-2019 18:48:13] NOTICE: fpm is running, pid 2288
[30-Oct-2019 18:48:13] NOTICE: ready to handle connections
[21-Nov-2019 13:48:41] NOTICE: fpm is running, pid 996
[21-Nov-2019 13:48:41] NOTICE: ready to handle connections
[30-Nov-2019 14:11:34] NOTICE: Terminating ...
[30-Nov-2019 14:11:34] NOTICE: Terminating ...
[30-Nov-2019 14:11:34] NOTICE: exiting, bye-bye!
[02-Dec-2019 19:12:08] NOTICE: fpm is running, pid 8930
[02-Dec-2019 19:12:08] NOTICE: ready to handle connections
[02-Dec-2019 19:17:15] NOTICE: Terminating ...
[02-Dec-2019 19:17:15] NOTICE: Terminating ...
[02-Dec-2019 19:17:15] NOTICE: exiting, bye-bye!
[02-Dec-2019 19:17:17] NOTICE: fpm is running, pid 9038
[02-Dec-2019 19:17:17] NOTICE: ready to handle connections
[06-Dec-2019 14:33:25] NOTICE: Terminating ...
[06-Dec-2019 14:33:25] NOTICE: Terminating ...
[06-Dec-2019 14:33:25] NOTICE: exiting, bye-bye!
[27-Dec-2019 15:21:52] NOTICE: fpm is running, pid 31901
[27-Dec-2019 15:21:52] NOTICE: ready to handle connections
